<?xml version="1.0" encoding="UTF-8"?>
<!-- Generated by org.testng.reporters.JUnitReportReporter -->
<testsuite hostname="KALESHA1" failures="0" tests="3" name="com.Ecommerce.InstaSnap.ProductTest.VerifyKidsProduct" time="0.007" errors="0" timestamp="2024-11-07T16:20:37 IST" skipped="0">
  <testcase classname="com.Ecommerce.InstaSnap.ProductTest.VerifyKidsProduct" name="createProduct" time="0.003"/>
  <system-out>
    <![CDATA[KIDS PRODUCT CREATED]]>
  </system-out>
  <testcase classname="com.Ecommerce.InstaSnap.ProductTest.VerifyKidsProduct" name="updateProduct" time="0.001"/>
  <system-out>
    <![CDATA[KIDS PRODUCT UPDATED]]>
  </system-out>
  <testcase classname="com.Ecommerce.InstaSnap.ProductTest.VerifyKidsProduct" name="updateProduct" time="0.003"/>
  <system-out>
    <![CDATA[KIDS PRODUCT UPDATED]]>
  </system-out>
</testsuite> <!-- com.Ecommerce.InstaSnap.ProductTest.VerifyKidsProduct -->
