<?xml version="1.0" encoding="UTF-8"?>
<!-- Generated by org.testng.reporters.JUnitReportReporter -->
<testsuite hostname="KALESHA1" failures="0" tests="1" name="Demo.DemoTest" time="12.808" errors="0" timestamp="2024-11-05T19:22:12 IST" skipped="0">
  <testcase classname="Demo.DemoTest" name="verify" time="12.808"/>
  <system-out/>
</testsuite> <!-- Demo.DemoTest -->
