<?xml version="1.0" encoding="UTF-8"?>
<!-- Generated by org.testng.reporters.JUnitReportReporter -->
<testsuite hostname="KALESHA1" failures="0" tests="3" name="com.Ecommerce.InstaSnap.ProductTest.VerifyElectronicProduct" time="0.018" errors="0" timestamp="2024-11-07T16:20:37 IST" skipped="0">
  <testcase classname="com.Ecommerce.InstaSnap.ProductTest.VerifyElectronicProduct" name="createProduct" time="0.012"/>
  <system-out>
    <![CDATA[ELECTRONIC PRODUCT CREATED]]>
  </system-out>
  <testcase classname="com.Ecommerce.InstaSnap.ProductTest.VerifyElectronicProduct" name="updateProduct" time="0.005"/>
  <system-out>
    <![CDATA[ELECTRONIC PRODUCT UPDATED]]>
  </system-out>
  <testcase classname="com.Ecommerce.InstaSnap.ProductTest.VerifyElectronicProduct" name="updateProduct" time="0.001"/>
  <system-out>
    <![CDATA[ELECTRONIC PRODUCT UPDATED]]>
  </system-out>
</testsuite> <!-- com.Ecommerce.InstaSnap.ProductTest.VerifyElectronicProduct -->
